Arguments: 
  /Users/liru/.nvm/versions/node/v19.3.0/bin/node /Users/liru/.nvm/versions/node/v19.3.0/bin/yarn add crypto-js/sha256

PATH: 
  /Users/liru/.npm-packages/bin:/Users/liru/.nvm/versions/node/v19.3.0/bin:/opt/homebrew/bin:/opt/homebrew/sbin:/usr/local/bin:/System/Cryptexes/App/usr/bin:/usr/bin:/bin:/usr/sbin:/sbin:/Users/liru/.npm-packages/bin:/Users/liru/.nvm/versions/node/v19.3.0/bin:/opt/homebrew/bin:/opt/homebrew/sbin:/Users/liru/.fig/bin:/Users/liru/.local/bin

Yarn version: 
  1.22.19

Node version: 
  19.3.0

Platform: 
  darwin arm64

Trace: 
  Error: https://github.com/crypto-js/sha256: ETIMEDOUT
      at Timeout._onTimeout (/Users/liru/.nvm/versions/node/v19.3.0/lib/node_modules/yarn/lib/cli.js:141550:19)
      at listOnTimeout (node:internal/timers:564:17)
      at process.processTimers (node:internal/timers:507:7)

npm manifest: 
  {
    "name": "blockchain",
    "version": "1.0.0",
    "description": "",
    "main": "index.js",
    "scripts": {
      "test": "echo \"Error: no test specified\" && exit 1"
    },
    "author": "",
    "license": "ISC",
    "dependencies": {
      "crypto": "^1.0.1"
    }
  }

yarn manifest: 
  No manifest

Lockfile: 
  # THIS IS AN AUTOGENERATED FILE. DO NOT EDIT THIS FILE DIRECTLY.
  # yarn lockfile v1
  
  
  crypto@^1.0.1:
    version "1.0.1"
    resolved "https://registry.yarnpkg.com/crypto/-/crypto-1.0.1.tgz#2af1b7cad8175d24c8a1b0778255794a21803037"
    integrity sha512-VxBKmeNcqQdiUQUW2Tzq0t377b54N2bMtXO/qiLa+6eRRmmC4qT3D4OnTGoT/U6O9aklQ/jTwbOtRMTTY8G0Ig==
